Not searching for unused variables given on the command line.
[36m--[0m Using CATKIN_DEVEL_PREFIX: /home/rrqq/TableRearrangement/ur_vrep/devel/.private/sim_ros_interface
[36m--[0m Using CMAKE_PREFIX_PATH: /home/rrqq/TableRearrangement/ur_vrep/devel;/opt/ros/melodic
[36m--[0m This workspace overlays: /home/rrqq/TableRearrangement/ur_vrep/devel;/opt/ros/melodic
[36m--[0m Found PythonInterp: /usr/bin/python2 (found suitable version "2.7.17", minimum required is "2")
[36m--[0m Using PYTHON_EXECUTABLE: /usr/bin/python2
[36m--[0m Using Debian Python package layout
[36m--[0m Using empy: /usr/bin/empy
[36m--[0m Using CATKIN_ENABLE_TESTING: ON
[36m--[0m Call enable_testing()
[36m--[0m Using CATKIN_TEST_RESULTS_DIR: /home/rrqq/TableRearrangement/ur_vrep/build/sim_ros_interface/test_results
[36m--[0m Found gtest sources under '/usr/src/googletest': gtests will be built
[36m--[0m Found gmock sources under '/usr/src/googletest': gmock will be built
[36m--[0m Found PythonInterp: /usr/bin/python2 (found version "2.7.17")
[36m--[0m Using Python nosetests: /usr/bin/nosetests-2.7
[36m--[0m catkin 0.7.29
[36m--[0m BUILD_SHARED_LIBS is on
[36m--[0m Using these message generators: gencpp;geneus;genlisp;gennodejs;genpy
[31m[1mCMake Error[0m at /home/rrqq/TableRearrangement/ur_vrep/src/sim_ros_interface/CMakeLists.txt:35 (message):
  Environment variable COPPELIASIM_ROOT_DIR is not set


[36m--[0m Configuring incomplete, errors occurred!
See also "/home/rrqq/TableRearrangement/ur_vrep/build/sim_ros_interface/CMakeFiles/CMakeOutput.log".
See also "/home/rrqq/TableRearrangement/ur_vrep/build/sim_ros_interface/CMakeFiles/CMakeError.log".
