Traceback (most recent call last):
  File "/home/rrqq/TableRearrangement/ur_vrep/src/CoppeliaSim_Edu/programming/libPlugin/simStubsGen/external/pycpp/pycpp.py", line 212, in <module>
    f.write(pycpp.get_output())
  File "/home/rrqq/TableRearrangement/ur_vrep/src/CoppeliaSim_Edu/programming/libPlugin/simStubsGen/external/pycpp/pycpp.py", line 136, in get_output
    exec(self.get_python_code(b, spool_fn='pycpp.output'), locals())
  File "<string>", line 2, in <module>
  File "/home/rrqq/TableRearrangement/ur_vrep/src/sim_ros_interface/tools/parse_messages_and_services.py", line 4, in <module>
    import rospkg
ModuleNotFoundError: No module named 'rospkg'
Traceback (most recent call last):
  File "/home/rrqq/TableRearrangement/ur_vrep/src/CoppeliaSim_Edu/programming/libPlugin/simStubsGen/external/pycpp/pycpp.py", line 212, in <module>
    f.write(pycpp.get_output())
  File "/home/rrqq/TableRearrangement/ur_vrep/src/CoppeliaSim_Edu/programming/libPlugin/simStubsGen/external/pycpp/pycpp.py", line 136, in get_output
    exec(self.get_python_code(b, spool_fn='pycpp.output'), locals())
  File "<string>", line 2, in <module>
  File "/home/rrqq/TableRearrangement/ur_vrep/src/sim_ros_interface/tools/parse_messages_and_services.py", line 4, in <module>
    import rospkg
ModuleNotFoundError: No module named 'rospkg'
make[2]: *** [generated/pub.cpp] Error 1
make[2]: *** 正在删除文件“generated/pub.cpp”
make[2]: *** 正在等待未完成的任务....
make[2]: *** [generated/adv.cpp] Error 1
make[2]: *** 正在删除文件“generated/adv.cpp”
Traceback (most recent call last):
  File "/home/rrqq/TableRearrangement/ur_vrep/src/CoppeliaSim_Edu/programming/libPlugin/simStubsGen/external/pycpp/pycpp.py", line 212, in <module>
    f.write(pycpp.get_output())
  File "/home/rrqq/TableRearrangement/ur_vrep/src/CoppeliaSim_Edu/programming/libPlugin/simStubsGen/external/pycpp/pycpp.py", line 136, in get_output
    exec(self.get_python_code(b, spool_fn='pycpp.output'), locals())
  File "<string>", line 8, in <module>
  File "/home/rrqq/TableRearrangement/ur_vrep/src/sim_ros_interface/tools/parse_messages_and_services.py", line 4, in <module>
    import rospkg
ModuleNotFoundError: No module named 'rospkg'
make[2]: *** [generated/ros_msg_io.h] Error 1
make[2]: *** 正在删除文件“generated/ros_msg_io.h”
Traceback (most recent call last):
  File "/home/rrqq/TableRearrangement/ur_vrep/src/CoppeliaSim_Edu/programming/libPlugin/simStubsGen/external/pycpp/pycpp.py", line 212, in <module>
    f.write(pycpp.get_output())
  File "/home/rrqq/TableRearrangement/ur_vrep/src/CoppeliaSim_Edu/programming/libPlugin/simStubsGen/external/pycpp/pycpp.py", line 136, in get_output
    exec(self.get_python_code(b, spool_fn='pycpp.output'), locals())
  File "<string>", line 7, in <module>
  File "/home/rrqq/TableRearrangement/ur_vrep/src/sim_ros_interface/tools/parse_messages_and_services.py", line 4, in <module>
    import rospkg
ModuleNotFoundError: No module named 'rospkg'
make[2]: *** [generated/ros_msg_io.cpp] Error 1
make[2]: *** 正在删除文件“generated/ros_msg_io.cpp”
make[1]: *** [CMakeFiles/generate_ros_code.dir/all] Error 2
make: *** [all] Error 2
