Not searching for unused variables given on the command line.
[36m--[0m Using CATKIN_DEVEL_PREFIX: /home/rrqq/TableRearrangement/ur_vrep/devel/.private/sim_ros_interface
[36m--[0m Using CMAKE_PREFIX_PATH: /home/rrqq/TableRearrangement/ur_vrep/devel;/opt/ros/melodic
[36m--[0m This workspace overlays: /home/rrqq/TableRearrangement/ur_vrep/devel;/opt/ros/melodic
[36m--[0m Found PythonInterp: /usr/bin/python2 (found suitable version "2.7.17", minimum required is "2")
[36m--[0m Using PYTHON_EXECUTABLE: /usr/bin/python2
[36m--[0m Using Debian Python package layout
[36m--[0m Using empy: /usr/bin/empy
[36m--[0m Using CATKIN_ENABLE_TESTING: ON
[36m--[0m Call enable_testing()
[36m--[0m Using CATKIN_TEST_RESULTS_DIR: /home/rrqq/TableRearrangement/ur_vrep/build/sim_ros_interface/test_results
[36m--[0m Found gtest sources under '/usr/src/googletest': gtests will be built
[36m--[0m Found gmock sources under '/usr/src/googletest': gmock will be built
[36m--[0m Found PythonInterp: /usr/bin/python2 (found version "2.7.17")
[36m--[0m Using Python nosetests: /usr/bin/nosetests-2.7
[36m--[0m catkin 0.7.29
[36m--[0m BUILD_SHARED_LIBS is on
[36m--[0m Using these message generators: gencpp;geneus;genlisp;gennodejs;genpy
[36m--[0m CoppeliaSim: LIBPLUGIN_DIR: /home/rrqq/TableRearrangement/ur_vrep/src/CoppeliaSim_Edu/programming/libPlugin.
[36m--[0m CoppeliaSim: COPPELIASIM_ROOT_DIR: /home/rrqq/TableRearrangement/ur_vrep/src/CoppeliaSim_Edu.
[36m--[0m Found CoppeliaSim installation at /home/rrqq/TableRearrangement/ur_vrep/src/CoppeliaSim_Edu.
[36m--[0m Checking CoppeliaSim header version...
[36m--[0m CoppeliaSim headers version 4.1.0 rev1
[36m--[0m Found Git: /usr/bin/git (found version "2.17.1")
[36m--[0m Adding simStubsGen command...
[36m--[0m Found Python3: /home/rrqq/anaconda3/bin/python3.9 (found version "3.9.7") found components: Interpreter
[36m--[0m Configuring done
[36m--[0m Generating done
[36m--[0m Build files have been written to: /home/rrqq/TableRearrangement/ur_vrep/build/sim_ros_interface
